TN:
SF:src\lib\calculator.js
FN:1,(anonymous_0)
FN:10,(anonymous_1)
FNF:2
FNH:2
FNDA:4,(anonymous_0)
FNDA:5,(anonymous_1)
DA:1,1
DA:2,4
DA:3,4
DA:4,4
DA:5,2
DA:7,2
DA:10,1
DA:11,5
DA:12,5
DA:13,5
DA:14,2
DA:16,3
LF:12
LH:12
BRDA:4,0,0,2
BRDA:4,0,1,2
BRDA:4,1,0,4
BRDA:4,1,1,2
BRDA:13,2,0,2
BRDA:13,2,1,3
BRDA:13,3,0,5
BRDA:13,3,1,4
BRF:8
BRH:8
end_of_record
TN:
SF:src\lib\queryString.js
FN:1,(anonymous_0)
FN:8,(anonymous_1)
FN:11,(anonymous_2)
FN:15,(anonymous_3)
FNF:4
FNH:4
FNDA:8,(anonymous_0)
FNDA:3,(anonymous_1)
FNDA:3,(anonymous_2)
FNDA:7,(anonymous_3)
DA:1,1
DA:2,8
DA:3,1
DA:5,7
DA:8,1
DA:9,3
DA:11,1
DA:12,3
DA:16,7
DA:18,7
DA:19,1
DA:21,6
LF:12
LH:12
BRDA:2,0,0,1
BRDA:2,0,1,7
BRDA:2,1,0,8
BRDA:2,1,1,2
BRDA:18,2,0,1
BRDA:18,2,1,6
BRF:6
BRH:6
end_of_record
TN:
SF:src\lib\text.js
FN:1,(anonymous_0)
FNF:1
FNH:1
FNDA:3,(anonymous_0)
DA:1,1
DA:2,3
DA:3,3
DA:5,3
DA:6,14
DA:7,2
DA:11,1
LF:7
LH:7
BRDA:6,0,0,2
BRDA:6,0,1,12
BRF:2
BRH:2
end_of_record
